<?xml version="1.0" encoding="UTF-8"?>
<testsuite xmlns:xsi="http://www.w3.org/2001/XMLSchema-instance" xsi:noNamespaceSchemaLocation="https://maven.apache.org/surefire/maven-surefire-plugin/xsd/surefire-test-report-3.0.xsd" version="3.0" name="sebas.lab07_refactoring.OrderServiceTest" time="0.077" tests="9" errors="0" skipped="0" failures="0">
  <properties>
[...]
</properties>
  <testcase name="testProcessOrderConPreciosDecimales" classname="sebas.lab07_refactoring.OrderServiceTest" time="0.011"/>
  <testcase name="testProcessOrderConMultiplesItems" classname="sebas.lab07_refactoring.OrderServiceTest" time="0"/>
  <testcase name="testProcessOrderImprimeInformacionOrden" classname="sebas.lab07_refactoring.OrderServiceTest" time="0"/>
  <testcase name="testProcessOrderConItemPrecioCero" classname="sebas.lab07_refactoring.OrderServiceTest" time="0"/>
  <testcase name="testProcessOrderConOrdenSinItems" classname="sebas.lab07_refactoring.OrderServiceTest" time="0"/>
  <testcase name="testProcessOrderConOrdenNula" classname="sebas.lab07_refactoring.OrderServiceTest" time="0"/>
  <testcase name="testProcessOrderConOrdenValida" classname="sebas.lab07_refactoring.OrderServiceTest" time="0.001"/>
  <testcase name="testProcessOrderConOrdenSinCustomer" classname="sebas.lab07_refactoring.OrderServiceTest" time="0.001"/>
  <testcase name="testProcessOrderImprimeConfirmacionCliente" classname="sebas.lab07_refactoring.OrderServiceTest" time="0"/>
</testsuite>