<?xml version="1.0" encoding="UTF-8"?>
<testsuite xmlns:xsi="http://www.w3.org/2001/XMLSchema-instance" xsi:noNamespaceSchemaLocation="https://maven.apache.org/surefire/maven-surefire-plugin/xsd/surefire-test-report-3.0.xsd" version="3.0" name="sebas.lab07_refactoring.PriceCalculatorTest" time="0.059" tests="11" errors="0" skipped="0" failures="0">
  <properties>
[...]
</properties>
  <testcase name="testCalculateTotalConPrecioMayorA1000" classname="sebas.lab07_refactoring.PriceCalculatorTest" time="0.005"/>
  <testcase name="testCalculateTotalConPrecioEntre500Y1000" classname="sebas.lab07_refactoring.PriceCalculatorTest" time="0"/>
  <testcase name="testCalculateTotalConPrecioExactamente500" classname="sebas.lab07_refactoring.PriceCalculatorTest" time="0"/>
  <testcase name="testCalculateTotalConCantidadGrande" classname="sebas.lab07_refactoring.PriceCalculatorTest" time="0"/>
  <testcase name="testCalculateTotalConPrecioMuyPequeno" classname="sebas.lab07_refactoring.PriceCalculatorTest" time="0"/>
  <testcase name="testCalculateTotalConPrecioJustoArriba1000" classname="sebas.lab07_refactoring.PriceCalculatorTest" time="0"/>
  <testcase name="testCalculateTotalConPrecioExactamente1000" classname="sebas.lab07_refactoring.PriceCalculatorTest" time="0"/>
  <testcase name="testCalculateTotalConPrecioJustoArriba500" classname="sebas.lab07_refactoring.PriceCalculatorTest" time="0"/>
  <testcase name="testCalculateTotalConPrecioMenorIgualA500" classname="sebas.lab07_refactoring.PriceCalculatorTest" time="0"/>
  <testcase name="testCalculateTotalConCantidadUno" classname="sebas.lab07_refactoring.PriceCalculatorTest" time="0.001"/>
  <testcase name="testCalculateTotalConPreciosDecimales" classname="sebas.lab07_refactoring.PriceCalculatorTest" time="0"/>
</testsuite>